Using pre-set license
Built from '2020.3/staging' branch; Version is '2020.3.5f1 (8095aa901b9b) revision 8426922'; Using compiler version '192528614'; Build Type 'Release'
OS: 'Windows 10 Home Single Language; OS build 19042.985; Version 2009; 64bit' Language: 'pt' Physical Memory: 12102 MB
BatchMode: 1, IsHumanControllingUs: 0, StartBugReporterOnCrash: 0, Is64bit: 1, IsPro: 0

 COMMAND LINE ARGUMENTS:
C:\Program Files\Unity\Hub\Editor\2020.3.5f1\Editor\Unity.exe
-adb2
-batchMode
-noUpm
-name
AssetImportWorker0
-projectPath
C:/Users/Yuri Inhamuns/Documents/GitHub/UI_Twitter VR
-logFile
Logs/AssetImportWorker0.log
-srvPort
49506
Successfully changed project path to: C:/Users/Yuri Inhamuns/Documents/GitHub/UI_Twitter VR
C:/Users/Yuri Inhamuns/Documents/GitHub/UI_Twitter VR
Using Asset Import Pipeline V2.
Refreshing native plugins compatible for Editor in 27.97 ms, found 0 plugins.
Preloading 0 native plugins for Editor in 0.00 ms.
Initialize engine version: 2020.3.5f1 (8095aa901b9b)
[Subsystems] Discovering subsystems at path C:/Program Files/Unity/Hub/Editor/2020.3.5f1/Editor/Data/Resources/UnitySubsystems
[Subsystems] Discovering subsystems at path C:/Users/Yuri Inhamuns/Documents/GitHub/UI_Twitter VR/Assets
GfxDevice: creating device client; threaded=0
Direct3D:
    Version:  Direct3D 11.0 [level 11.1]
    Renderer: Intel(R) UHD Graphics (ID=0x9bca)
    Vendor:   
    VRAM:     6051 MB
    Driver:   26.20.100.7870
Initialize mono
Mono path[0] = 'C:/Program Files/Unity/Hub/Editor/2020.3.5f1/Editor/Data/Managed'
Mono path[1] = 'C:/Program Files/Unity/Hub/Editor/2020.3.5f1/Editor/Data/MonoBleedingEdge/lib/mono/unityjit'
Mono config path = 'C:/Program Files/Unity/Hub/Editor/2020.3.5f1/Editor/Data/MonoBleedingEdge/etc'
Using monoOptions --debugger-agent=transport=dt_socket,embedding=1,server=y,suspend=n,address=127.0.0.1:56976
Begin MonoManager ReloadAssembly
Registering precompiled unity dll's ...
Register platform support module: C:/Program Files/Unity/Hub/Editor/2020.3.5f1/Editor/Data/PlaybackEngines/WindowsStandaloneSupport/UnityEditor.WindowsStandalone.Extensions.dll
Registered in 0.001529 seconds.
Native extension for WindowsStandalone target not found
Refreshing native plugins compatible for Editor in 24.42 ms, found 0 plugins.
Preloading 0 native plugins for Editor in 0.00 ms.
Mono: successfully reloaded assembly
- Completed reload, in  1.128 seconds
Platform modules already initialized, skipping
Registering precompiled user dll's ...
Registered in 0.000567 seconds.
Begin MonoManager ReloadAssembly
Native extension for WindowsStandalone target not found
Refreshing native plugins compatible for Editor in 0.22 ms, found 0 plugins.
Preloading 0 native plugins for Editor in 0.00 ms.
Mono: successfully reloaded assembly
- Completed reload, in  0.925 seconds
Platform modules already initialized, skipping
========================================================================
Worker process is ready to serve import requests
Launched and connected shader compiler UnityShaderCompiler.exe after 0.05 seconds
Refreshing native plugins compatible for Editor in 0.24 ms, found 0 plugins.
Preloading 0 native plugins for Editor in 0.00 ms.
Unloading 1115 Unused Serialized files (Serialized files now loaded: 0)
System memory in use before: 57.6 MB.
System memory in use after: 57.7 MB.

Unloading 10 unused Assets to reduce memory usage. Loaded Objects now: 1562.
Total: 2.972300 ms (FindLiveObjects: 0.185000 ms CreateObjectMapping: 0.056300 ms MarkObjects: 2.516700 ms  DeleteObjects: 0.211100 ms)

========================================================================
Received Import Request.
  path: Assets/UI/New Material 2.mat
  artifactKey: Guid(42bfd9f526c4d4c41959d74b0c41053d) Importer(815301076,1909f56bfc062723c751e8b465ee728b)
Start importing Assets/UI/New Material 2.mat using Guid(42bfd9f526c4d4c41959d74b0c41053d) Importer(815301076,1909f56bfc062723c751e8b465ee728b)  -> (artifact id: '33fff93a958320a2b5434b7fbebb33ca') in 0.141319 seconds
  Import took 0.144215 seconds .

========================================================================
Received Import Request.
  Time since last request: 129.926440 seconds.
  path: Assets/UI/Grupo 94.png
  artifactKey: Guid(d8f8ed6adb6cfaa4f9f75f14512b978c) Importer(815301076,1909f56bfc062723c751e8b465ee728b)
Start importing Assets/UI/Grupo 94.png using Guid(d8f8ed6adb6cfaa4f9f75f14512b978c) Importer(815301076,1909f56bfc062723c751e8b465ee728b)  -> (artifact id: 'acca4eb8f536162e99dad9492d6f941f') in 0.043237 seconds
  Import took 0.046267 seconds .

========================================================================
Received Import Request.
  Time since last request: 45.817869 seconds.
  path: Assets/UI/Grupo 94.png
  artifactKey: Guid(d8f8ed6adb6cfaa4f9f75f14512b978c) Importer(815301076,1909f56bfc062723c751e8b465ee728b)
Start importing Assets/UI/Grupo 94.png using Guid(d8f8ed6adb6cfaa4f9f75f14512b978c) Importer(815301076,1909f56bfc062723c751e8b465ee728b)  -> (artifact id: '1193deac81e180ece1f2e70db2beacc1') in 0.031989 seconds
  Import took 0.033911 seconds .

========================================================================
Received Import Request.
  Time since last request: 149.306072 seconds.
  path: Assets/Material
  artifactKey: Guid(f9da360bf38c8f04ea6ae8aa0844a8a9) Importer(815301076,1909f56bfc062723c751e8b465ee728b)
Start importing Assets/Material using Guid(f9da360bf38c8f04ea6ae8aa0844a8a9) Importer(815301076,1909f56bfc062723c751e8b465ee728b)  -> (artifact id: 'b832db4698302981718a2cef04fbf2f0') in 0.008947 seconds
  Import took 0.011380 seconds .

========================================================================
Received Import Request.
  Time since last request: 133.113018 seconds.
  path: Assets/UI/Grupo 95.png
  artifactKey: Guid(5d041b134ab551f4ea1809c3308653e9) Importer(815301076,1909f56bfc062723c751e8b465ee728b)
Start importing Assets/UI/Grupo 95.png using Guid(5d041b134ab551f4ea1809c3308653e9) Importer(815301076,1909f56bfc062723c751e8b465ee728b)  -> (artifact id: '00b25486dcf93d4213afbd6ac2c1e345') in 0.017762 seconds
  Import took 0.020819 seconds .

========================================================================
Received Import Request.
  Time since last request: 8.044106 seconds.
  path: Assets/UI/Grupo 95.png
  artifactKey: Guid(5d041b134ab551f4ea1809c3308653e9) Importer(815301076,1909f56bfc062723c751e8b465ee728b)
Start importing Assets/UI/Grupo 95.png using Guid(5d041b134ab551f4ea1809c3308653e9) Importer(815301076,1909f56bfc062723c751e8b465ee728b)  -> (artifact id: 'ede0ddc4f724789e7c0b800aae4e9c3b') in 0.020723 seconds
  Import took 0.023192 seconds .

========================================================================
Received Import Request.
  Time since last request: 114.378910 seconds.
  path: Assets/UI/Grupo 96.png
  artifactKey: Guid(861efc1f6c0ee174d8ef0fa46e597a90) Importer(815301076,1909f56bfc062723c751e8b465ee728b)
Start importing Assets/UI/Grupo 96.png using Guid(861efc1f6c0ee174d8ef0fa46e597a90) Importer(815301076,1909f56bfc062723c751e8b465ee728b)  -> (artifact id: 'bd08e8d21bc948b4e25c841aeee2f921') in 0.015701 seconds
  Import took 0.017659 seconds .

========================================================================
Received Import Request.
  Time since last request: 5.575471 seconds.
  path: Assets/UI/Grupo 96.png
  artifactKey: Guid(861efc1f6c0ee174d8ef0fa46e597a90) Importer(815301076,1909f56bfc062723c751e8b465ee728b)
Start importing Assets/UI/Grupo 96.png using Guid(861efc1f6c0ee174d8ef0fa46e597a90) Importer(815301076,1909f56bfc062723c751e8b465ee728b)  -> (artifact id: '7be212f42ed0f590b7080b1ee2bd3424') in 0.023035 seconds
  Import took 0.027289 seconds .

========================================================================
Received Import Request.
  Time since last request: 0.001303 seconds.
  path: Assets/UI/Grupo 96.png
  artifactKey: Guid(861efc1f6c0ee174d8ef0fa46e597a90) Importer(815301076,1909f56bfc062723c751e8b465ee728b)
Start importing Assets/UI/Grupo 96.png using Guid(861efc1f6c0ee174d8ef0fa46e597a90) Importer(815301076,1909f56bfc062723c751e8b465ee728b)  -> (artifact id: '7be212f42ed0f590b7080b1ee2bd3424') in 0.015013 seconds
  Import took 0.017216 seconds .

========================================================================
Received Import Request.
  Time since last request: 141.745643 seconds.
  path: Assets/UI/Componente 33 – 4.png
  artifactKey: Guid(659cc6e23a87af44888ce13b318ac1ce) Importer(815301076,1909f56bfc062723c751e8b465ee728b)
Start importing Assets/UI/Componente 33 – 4.png using Guid(659cc6e23a87af44888ce13b318ac1ce) Importer(815301076,1909f56bfc062723c751e8b465ee728b)  -> (artifact id: '387d6ad88d0bdf3cae193bcc6d7c9656') in 0.022460 seconds
  Import took 0.025307 seconds .

========================================================================
Received Import Request.
  Time since last request: 9.641295 seconds.
  path: Assets/UI/Componente 33 – 4.png
  artifactKey: Guid(659cc6e23a87af44888ce13b318ac1ce) Importer(815301076,1909f56bfc062723c751e8b465ee728b)
Start importing Assets/UI/Componente 33 – 4.png using Guid(659cc6e23a87af44888ce13b318ac1ce) Importer(815301076,1909f56bfc062723c751e8b465ee728b)  -> (artifact id: '75f4195bf9bc2f1bd600cd99be74e801') in 0.042291 seconds
  Import took 0.045146 seconds .

AssetImportWorkerClient::OnTransportError - code=2 error=End of file
