Using pre-set license
Built from '2020.3/staging' branch; Version is '2020.3.5f1 (8095aa901b9b) revision 8426922'; Using compiler version '192528614'; Build Type 'Release'
OS: 'Windows 10 Home Single Language; OS build 19042.985; Version 2009; 64bit' Language: 'pt' Physical Memory: 12102 MB
BatchMode: 1, IsHumanControllingUs: 0, StartBugReporterOnCrash: 0, Is64bit: 1, IsPro: 0

 COMMAND LINE ARGUMENTS:
C:\Program Files\Unity\Hub\Editor\2020.3.5f1\Editor\Unity.exe
-adb2
-batchMode
-noUpm
-name
AssetImportWorker0
-projectPath
C:/Users/Yuri Inhamuns/Documents/GitHub/UI_Twitter VR
-logFile
Logs/AssetImportWorker0.log
-srvPort
62570
Successfully changed project path to: C:/Users/Yuri Inhamuns/Documents/GitHub/UI_Twitter VR
C:/Users/Yuri Inhamuns/Documents/GitHub/UI_Twitter VR
Using Asset Import Pipeline V2.
Refreshing native plugins compatible for Editor in 23.26 ms, found 0 plugins.
Preloading 0 native plugins for Editor in 0.00 ms.
Initialize engine version: 2020.3.5f1 (8095aa901b9b)
[Subsystems] Discovering subsystems at path C:/Program Files/Unity/Hub/Editor/2020.3.5f1/Editor/Data/Resources/UnitySubsystems
[Subsystems] Discovering subsystems at path C:/Users/Yuri Inhamuns/Documents/GitHub/UI_Twitter VR/Assets
GfxDevice: creating device client; threaded=0
Direct3D:
    Version:  Direct3D 11.0 [level 11.1]
    Renderer: Intel(R) UHD Graphics (ID=0x9bca)
    Vendor:   
    VRAM:     6051 MB
    Driver:   26.20.100.7870
Initialize mono
Mono path[0] = 'C:/Program Files/Unity/Hub/Editor/2020.3.5f1/Editor/Data/Managed'
Mono path[1] = 'C:/Program Files/Unity/Hub/Editor/2020.3.5f1/Editor/Data/MonoBleedingEdge/lib/mono/unityjit'
Mono config path = 'C:/Program Files/Unity/Hub/Editor/2020.3.5f1/Editor/Data/MonoBleedingEdge/etc'
Using monoOptions --debugger-agent=transport=dt_socket,embedding=1,server=y,suspend=n,address=127.0.0.1:56160
Begin MonoManager ReloadAssembly
Registering precompiled unity dll's ...
Register platform support module: C:/Program Files/Unity/Hub/Editor/2020.3.5f1/Editor/Data/PlaybackEngines/WindowsStandaloneSupport/UnityEditor.WindowsStandalone.Extensions.dll
Registered in 0.001542 seconds.
Native extension for WindowsStandalone target not found
Refreshing native plugins compatible for Editor in 21.87 ms, found 0 plugins.
Preloading 0 native plugins for Editor in 0.00 ms.
Mono: successfully reloaded assembly
- Completed reload, in  0.953 seconds
Platform modules already initialized, skipping
Registering precompiled user dll's ...
Registered in 0.000673 seconds.
Begin MonoManager ReloadAssembly
Native extension for WindowsStandalone target not found
Refreshing native plugins compatible for Editor in 0.21 ms, found 0 plugins.
Preloading 0 native plugins for Editor in 0.00 ms.
Mono: successfully reloaded assembly
- Completed reload, in  0.769 seconds
Platform modules already initialized, skipping
========================================================================
Worker process is ready to serve import requests
Launched and connected shader compiler UnityShaderCompiler.exe after 0.04 seconds
Refreshing native plugins compatible for Editor in 0.20 ms, found 0 plugins.
Preloading 0 native plugins for Editor in 0.00 ms.
Unloading 1115 Unused Serialized files (Serialized files now loaded: 0)
System memory in use before: 57.2 MB.
System memory in use after: 57.3 MB.

Unloading 10 unused Assets to reduce memory usage. Loaded Objects now: 1559.
Total: 1.731000 ms (FindLiveObjects: 0.132800 ms CreateObjectMapping: 0.030000 ms MarkObjects: 1.495900 ms  DeleteObjects: 0.071000 ms)

========================================================================
Received Import Request.
  path: Assets/Componente 33 – 1.png
  artifactKey: Guid(e216be01c58b79b4d8f6b969a87b798c) Importer(815301076,1909f56bfc062723c751e8b465ee728b)
Start importing Assets/Componente 33 – 1.png using Guid(e216be01c58b79b4d8f6b969a87b798c) Importer(815301076,1909f56bfc062723c751e8b465ee728b)  -> (artifact id: '615941679fde293638c7f2a9eda4c512') in 0.057982 seconds
  Import took 0.060703 seconds .

========================================================================
Received Import Request.
  Time since last request: 7.065187 seconds.
  path: Assets/Componente 33 – 1.png
  artifactKey: Guid(e216be01c58b79b4d8f6b969a87b798c) Importer(815301076,1909f56bfc062723c751e8b465ee728b)
Start importing Assets/Componente 33 – 1.png using Guid(e216be01c58b79b4d8f6b969a87b798c) Importer(815301076,1909f56bfc062723c751e8b465ee728b)  -> (artifact id: '836704879c82d342eda85e878d306865') in 0.056273 seconds
  Import took 0.058807 seconds .

========================================================================
Received Import Request.
  Time since last request: 971.259209 seconds.
  path: Assets/Componente 34 – 1.png
  artifactKey: Guid(e6291226068b2ea49823c27faf185a85) Importer(815301076,1909f56bfc062723c751e8b465ee728b)
Start importing Assets/Componente 34 – 1.png using Guid(e6291226068b2ea49823c27faf185a85) Importer(815301076,1909f56bfc062723c751e8b465ee728b)  -> (artifact id: 'eb4a5e0e7f2bde29752b40ad08e475f8') in 0.016619 seconds
  Import took 0.019849 seconds .

========================================================================
Received Import Request.
  Time since last request: 0.000286 seconds.
  path: Assets/Componente 34 – 2.png
  artifactKey: Guid(b010a7c3b93a76441b62dbc14ad48f50) Importer(815301076,1909f56bfc062723c751e8b465ee728b)
Start importing Assets/Componente 34 – 2.png using Guid(b010a7c3b93a76441b62dbc14ad48f50) Importer(815301076,1909f56bfc062723c751e8b465ee728b)  -> (artifact id: 'af63860e3e8b0e208d28a036c1ba0a59') in 0.012158 seconds
  Import took 0.014672 seconds .

========================================================================
Received Import Request.
  Time since last request: 26.074538 seconds.
  path: Assets/Componente 34 – 1.png
  artifactKey: Guid(e6291226068b2ea49823c27faf185a85) Importer(815301076,1909f56bfc062723c751e8b465ee728b)
Start importing Assets/Componente 34 – 1.png using Guid(e6291226068b2ea49823c27faf185a85) Importer(815301076,1909f56bfc062723c751e8b465ee728b)  -> (artifact id: '5dcdd9e94db14c9bf4c4e5f735116daa') in 0.028027 seconds
  Import took 0.030193 seconds .

========================================================================
Received Import Request.
  Time since last request: 4.670233 seconds.
  path: Assets/Componente 34 – 2.png
  artifactKey: Guid(b010a7c3b93a76441b62dbc14ad48f50) Importer(815301076,1909f56bfc062723c751e8b465ee728b)
Start importing Assets/Componente 34 – 2.png using Guid(b010a7c3b93a76441b62dbc14ad48f50) Importer(815301076,1909f56bfc062723c751e8b465ee728b)  -> (artifact id: 'a2051fc248bd62a725385179b2137d0f') in 0.017410 seconds
  Import took 0.019893 seconds .

========================================================================
Received Import Request.
  Time since last request: 154.213537 seconds.
  path: Assets/UI
  artifactKey: Guid(9393057daf09d5c498d1613291cc5ec6) Importer(815301076,1909f56bfc062723c751e8b465ee728b)
Start importing Assets/UI using Guid(9393057daf09d5c498d1613291cc5ec6) Importer(815301076,1909f56bfc062723c751e8b465ee728b)  -> (artifact id: '22ecd74e7cf9cd9420daf1b48600b030') in 0.007839 seconds
  Import took 0.010487 seconds .

AssetImportWorkerClient::OnTransportError - code=2 error=End of file
